f:\graphics\总文件可编辑\nclgl\debug\nclgl.pdb
f:\graphics\总文件可编辑\nclgl\debug\nclgl.idb
f:\graphics\总文件可编辑\nclgl\debug\gametimer.obj
f:\graphics\总文件可编辑\nclgl\debug\heightmap.obj
f:\graphics\总文件可编辑\nclgl\debug\heightmap2.obj
f:\graphics\总文件可编辑\nclgl\debug\keyboard.obj
f:\graphics\总文件可编辑\nclgl\debug\matrix4.obj
f:\graphics\总文件可编辑\nclgl\debug\md5anim.obj
f:\graphics\总文件可编辑\nclgl\debug\md5filedata.obj
f:\graphics\总文件可编辑\nclgl\debug\md5mesh.obj
f:\graphics\总文件可编辑\nclgl\debug\md5node.obj
f:\graphics\总文件可编辑\nclgl\debug\mesh.obj
f:\graphics\总文件可编辑\nclgl\debug\mouse.obj
f:\graphics\总文件可编辑\nclgl\debug\objmesh.obj
f:\graphics\总文件可编辑\nclgl\debug\oglrenderer.obj
f:\graphics\总文件可编辑\nclgl\debug\patricles.obj
f:\graphics\总文件可编辑\nclgl\debug\plane.obj
f:\graphics\总文件可编辑\nclgl\debug\quaternion.obj
f:\graphics\总文件可编辑\nclgl\debug\scenenode.obj
f:\graphics\总文件可编辑\nclgl\debug\shader.obj
f:\graphics\总文件可编辑\nclgl\debug\textmesh.obj
f:\graphics\总文件可编辑\nclgl\debug\window.obj
f:\graphics\总文件可编辑\nclgl\debug\camera.obj
f:\graphics\总文件可编辑\nclgl\debug\cuberobot.obj
f:\graphics\总文件可编辑\nclgl\debug\frustum.obj
f:\graphics\总文件可编辑\graphics for games\debug\nclgl.lib
f:\graphics\总文件可编辑\graphics for games\debug\nclgl.pdb
f:\graphics\总文件可编辑\nclgl\debug\nclgl.tlog\cl.command.1.tlog
f:\graphics\总文件可编辑\nclgl\debug\nclgl.tlog\cl.read.1.tlog
f:\graphics\总文件可编辑\nclgl\debug\nclgl.tlog\cl.write.1.tlog
f:\graphics\总文件可编辑\nclgl\debug\nclgl.tlog\lib-link.read.1.tlog
f:\graphics\总文件可编辑\nclgl\debug\nclgl.tlog\lib-link.write.1.tlog
f:\graphics\总文件可编辑\nclgl\debug\nclgl.tlog\lib.command.1.tlog
